Determining if the pthread_create exist failed with the following output:
Change Dir: /home/administrator/Http/cmake-build-debug/CMakeFiles/CMakeTmp

Run Build Command:"/usr/bin/make" "cmTC_5461d/fast"
/usr/bin/make -f CMakeFiles/cmTC_5461d.dir/build.make CMakeFiles/cmTC_5461d.dir/build
make[1]: Entering directory '/home/administrator/Http/cmake-build-debug/CMakeFiles/CMakeTmp'
Building C object CMakeFiles/cmTC_5461d.dir/CheckSymbolExists.c.o
/usr/bin/cc     -o CMakeFiles/cmTC_5461d.dir/CheckSymbolExists.c.o   -c /home/administrator/Http/cmake-build-debug/CMakeFiles/CMakeTmp/CheckSymbolExists.c
Linking C executable cmTC_5461d
/home/administrator/Downloads/clion-2016.3.2/bin/cmake/bin/cmake -E cmake_link_script CMakeFiles/cmTC_5461d.dir/link.txt --verbose=1
/usr/bin/cc       CMakeFiles/cmTC_5461d.dir/CheckSymbolExists.c.o  -o cmTC_5461d -rdynamic 
CMakeFiles/cmTC_5461d.dir/CheckSymbolExists.c.o: In function `main':
CheckSymbolExists.c:(.text+0x16): undefined reference to `pthread_create'
collect2: error: ld returned 1 exit status
CMakeFiles/cmTC_5461d.dir/build.make:97: recipe for target 'cmTC_5461d' failed
make[1]: *** [cmTC_5461d] Error 1
make[1]: Leaving directory '/home/administrator/Http/cmake-build-debug/CMakeFiles/CMakeTmp'
Makefile:126: recipe for target 'cmTC_5461d/fast' failed
make: *** [cmTC_5461d/fast] Error 2

File /home/administrator/Http/cmake-build-debug/CMakeFiles/CMakeTmp/CheckSymbolExists.c:
/* */
#include <pthread.h>

int main(int argc, char** argv)
{
  (void)argv;
#ifndef pthread_create
  return ((int*)(&pthread_create))[argc];
#else
  (void)argc;
  return 0;
#endif
}

Determining if the function pthread_create exists in the pthreads failed with the following output:
Change Dir: /home/administrator/Http/cmake-build-debug/CMakeFiles/CMakeTmp

Run Build Command:"/usr/bin/make" "cmTC_c2fdc/fast"
/usr/bin/make -f CMakeFiles/cmTC_c2fdc.dir/build.make CMakeFiles/cmTC_c2fdc.dir/build
make[1]: Entering directory '/home/administrator/Http/cmake-build-debug/CMakeFiles/CMakeTmp'
Building C object CMakeFiles/cmTC_c2fdc.dir/CheckFunctionExists.c.o
/usr/bin/cc    -DCHECK_FUNCTION_EXISTS=pthread_create   -o CMakeFiles/cmTC_c2fdc.dir/CheckFunctionExists.c.o   -c /home/administrator/Downloads/clion-2016.3.2/bin/cmake/share/cmake-3.6/Modules/CheckFunctionExists.c
Linking C executable cmTC_c2fdc
/home/administrator/Downloads/clion-2016.3.2/bin/cmake/bin/cmake -E cmake_link_script CMakeFiles/cmTC_c2fdc.dir/link.txt --verbose=1
/usr/bin/cc   -DCHECK_FUNCTION_EXISTS=pthread_create    CMakeFiles/cmTC_c2fdc.dir/CheckFunctionExists.c.o  -o cmTC_c2fdc -rdynamic -lpthreads 
/usr/bin/ld: cannot find -lpthreads
collect2: error: ld returned 1 exit status
CMakeFiles/cmTC_c2fdc.dir/build.make:97: recipe for target 'cmTC_c2fdc' failed
make[1]: *** [cmTC_c2fdc] Error 1
make[1]: Leaving directory '/home/administrator/Http/cmake-build-debug/CMakeFiles/CMakeTmp'
Makefile:126: recipe for target 'cmTC_c2fdc/fast' failed
make: *** [cmTC_c2fdc/fast] Error 2


